<?xml version="1.0" encoding="UTF-8"?>
<testsuite name="demo/tests" tests="1" failures="0" skipped="0" hostname="KDC1-L-F1C4W0Z" time="335.1" timestamp="Wed Aug 26 21:22:34 IST 2020">
	<properties>
		<property name="excludeCallableTestCases" value="true"/>
		<property name="testEnvironment" value=""/>
		<property name="pluginOutputLevel" value="WARNING"/>
		<property name="projectPath" value=".."/>
		<property name="salesforceMetadataCache" value="Reuse"/>
		<property name="resultsPathDisposition" value="Increment"/>
		<property name="testOutputLevel" value="WARNING"/>
		<property name="webBrowserType" value="Google Chrome"/>
		<property name="resultsPath" value="../ANT/Results"/>
		<property name="webBrowserConfiguration" value="Full Screen"/>
		<property name="projectCachePath" value="C:\Provar\demo\ANT\..\..\.provarCaches"/>
	</properties>
	<testcase classname="tests/TC_01.testcase" name="TC_01.testcase" time="313.918">
	</testcase>
</testsuite>
